<?xml version="1.0" encoding="UTF-8"?>
<!-- Generated by org.testng.reporters.JUnitReportReporter -->
<testsuite hostname="Shraddhas-MBP.fios-router.home" failures="0" tests="1" name="framework_practice_shraddha.Alert" time="26.728" errors="0" timestamp="2023-08-17T14:25:59 EDT" skipped="0">
  <testcase classname="framework_practice_shraddha.Alert" name="dummy" time="26.728"/>
  <system-out/>
</testsuite> <!-- framework_practice_shraddha.Alert -->
