<?xml version="1.0" encoding="UTF-8"?>
<!-- Generated by org.testng.reporters.JUnitReportReporter -->
<testsuite hostname="Shraddhas-MBP.fios-router.home" failures="0" tests="1" name="framework_practice_shraddha.Tables" time="20.236" errors="0" timestamp="2023-08-20T16:28:48 EDT" skipped="0">
  <testcase classname="framework_practice_shraddha.Tables" name="dummy" time="20.236"/>
  <system-out/>
</testsuite> <!-- framework_practice_shraddha.Tables -->
