<?xml version="1.0" encoding="UTF-8"?>
<!-- Generated by org.testng.reporters.JUnitReportReporter -->
<testsuite hostname="Shraddhas-MBP.fios-router.home" failures="0" tests="1" name="framework_practice_shraddha.multiframe" time="20.916" errors="0" timestamp="2023-08-19T02:34:28 EDT" skipped="0">
  <testcase classname="framework_practice_shraddha.multiframe" name="f" time="20.916"/>
  <system-out/>
</testsuite> <!-- framework_practice_shraddha.multiframe -->
