<?xml version="1.0" encoding="UTF-8"?>
<!-- Generated by org.testng.reporters.JUnitReportReporter -->
<testsuite hostname="Shraddhas-MBP.fios-router.home" failures="0" tests="1" name="framework_practice_shraddha.WindowHandled" time="7.854" errors="0" timestamp="2023-08-20T16:31:30 EDT" skipped="0">
  <testcase classname="framework_practice_shraddha.WindowHandled" name="dummy" time="7.854"/>
  <system-out/>
</testsuite> <!-- framework_practice_shraddha.WindowHandled -->
