<?xml version="1.0" encoding="UTF-8"?>
<!-- Generated by org.testng.reporters.JUnitReportReporter -->
<testsuite hostname="Shraddhas-MBP.fios-router.home" failures="0" tests="1" name="framework_practice_shraddha.Screenshot_of_uploaded_file" time="14.820" errors="0" timestamp="2023-08-17T22:31:21 EDT" skipped="0">
  <testcase classname="framework_practice_shraddha.Screenshot_of_uploaded_file" name="guru" time="14.820"/>
  <system-out/>
</testsuite> <!-- framework_practice_shraddha.Screenshot_of_uploaded_file -->
