<?xml version="1.0" encoding="UTF-8"?>
<!-- Generated by org.testng.reporters.JUnitReportReporter -->
<testsuite hostname="Shraddhas-MBP.fios-router.home" failures="0" tests="1" name="framework_practice_shraddha.dropdown" time="28.924" errors="0" timestamp="2023-08-25T15:15:22 EDT" skipped="0">
  <testcase classname="framework_practice_shraddha.dropdown" name="dummy" time="28.924"/>
  <system-out/>
</testsuite> <!-- framework_practice_shraddha.dropdown -->
