<?xml version="1.0" encoding="UTF-8"?>
<!-- Generated by org.testng.reporters.JUnitReportReporter -->
<testsuite hostname="Shraddhas-MBP.fios-router.home" failures="0" tests="1" name="framework_practice_shraddha.File_get_upload" time="14.198" errors="0" timestamp="2023-08-21T16:01:45 EDT" skipped="0">
  <testcase classname="framework_practice_shraddha.File_get_upload" name="guru" time="14.198"/>
  <system-out/>
</testsuite> <!-- framework_practice_shraddha.File_get_upload -->
