<?xml version="1.0" encoding="UTF-8"?>
<!-- Generated by org.testng.reporters.JUnitReportReporter -->
<testsuite hostname="Shraddhas-MBP.fios-router.home" failures="0" tests="1" name="framework_practice_shraddha.test_locaters" time="20.185" errors="0" timestamp="2023-08-11T23:12:24 EDT" skipped="0">
  <testcase classname="framework_practice_shraddha.test_locaters" name="fb" time="20.185"/>
  <system-out/>
</testsuite> <!-- framework_practice_shraddha.test_locaters -->
